Connecting to database specified by database.yml
  [1m[36m (0.1ms)[0m  [1mselect sqlite_version(*)[0m
  [1m[35m (28.1ms)[0m  CREATE TABLE "schema_migrations" ("version" varchar(255) NOT NULL) 
  [1m[36m (11.1ms)[0m  [1mCREATE UNIQUE INDEX "unique_schema_migrations" ON "schema_migrations" ("version")[0m
  [1m[35m (4.3ms)[0m  SELECT "schema_migrations"."version" FROM "schema_migrations" 
Migrating to CreateMovies (20111119180638)
  [1m[36m (0.0ms)[0m  [1mbegin transaction[0m
  [1m[35m (0.5ms)[0m  CREATE TABLE "movies" ("id" INTEGER PRIMARY KEY AUTOINCREMENT NOT NULL, "title" varchar(255), "rating" varchar(255), "description" text, "release_date" datetime, "created_at" datetime NOT NULL, "updated_at" datetime NOT NULL) 
  [1m[36m (0.1ms)[0m  [1mINSERT INTO "schema_migrations" ("version") VALUES ('20111119180638')[0m
  [1m[35m (14.3ms)[0m  commit transaction
  [1m[36m (0.1ms)[0m  [1mSELECT "schema_migrations"."version" FROM "schema_migrations" [0m
Connecting to database specified by database.yml
  [1m[36m (3.0ms)[0m  [1mSELECT "schema_migrations"."version" FROM "schema_migrations" [0m
  [1m[35m (0.1ms)[0m  begin transaction
  [1m[36mSQL (19.9ms)[0m  [1mINSERT INTO "movies" ("created_at", "description", "rating", "release_date", "title", "updated_at") VALUES (?, ?, ?, ?, ?, ?)[0m  [["created_at", Fri, 13 Mar 2015 14:51:11 UTC +00:00], ["description", nil], ["rating", "G"], ["release_date", Wed, 25 Nov 1992 00:00:00 UTC +00:00], ["title", "Aladdin"], ["updated_at", Fri, 13 Mar 2015 14:51:11 UTC +00:00]]
  [1m[35m (64.5ms)[0m  commit transaction
  [1m[36m (0.1ms)[0m  [1mbegin transaction[0m
  [1m[35mSQL (1.0ms)[0m  INSERT INTO "movies" ("created_at", "description", "rating", "release_date", "title", "updated_at") VALUES (?, ?, ?, ?, ?, ?)  [["created_at", Fri, 13 Mar 2015 14:51:11 UTC +00:00], ["description", nil], ["rating", "R"], ["release_date", Fri, 26 Oct 1984 00:00:00 UTC +00:00], ["title", "The Terminator"], ["updated_at", Fri, 13 Mar 2015 14:51:11 UTC +00:00]]
  [1m[36m (19.8ms)[0m  [1mcommit transaction[0m
  [1m[35m (0.1ms)[0m  begin transaction
  [1m[36mSQL (0.7ms)[0m  [1mINSERT INTO "movies" ("created_at", "description", "rating", "release_date", "title", "updated_at") VALUES (?, ?, ?, ?, ?, ?)[0m  [["created_at", Fri, 13 Mar 2015 14:51:11 UTC +00:00], ["description", nil], ["rating", "R"], ["release_date", Fri, 21 Jul 1989 00:00:00 UTC +00:00], ["title", "When Harry Met Sally"], ["updated_at", Fri, 13 Mar 2015 14:51:11 UTC +00:00]]
  [1m[35m (23.5ms)[0m  commit transaction
  [1m[36m (0.1ms)[0m  [1mbegin transaction[0m
  [1m[35mSQL (0.8ms)[0m  INSERT INTO "movies" ("created_at", "description", "rating", "release_date", "title", "updated_at") VALUES (?, ?, ?, ?, ?, ?)  [["created_at", Fri, 13 Mar 2015 14:51:11 UTC +00:00], ["description", nil], ["rating", "PG-13"], ["release_date", Wed, 10 Aug 2011 00:00:00 UTC +00:00], ["title", "The Help"], ["updated_at", Fri, 13 Mar 2015 14:51:11 UTC +00:00]]
  [1m[36m (20.5ms)[0m  [1mcommit transaction[0m
  [1m[35m (0.1ms)[0m  begin transaction
  [1m[36mSQL (0.4ms)[0m  [1mINSERT INTO "movies" ("created_at", "description", "rating", "release_date", "title", "updated_at") VALUES (?, ?, ?, ?, ?, ?)[0m  [["created_at", Fri, 13 Mar 2015 14:51:11 UTC +00:00], ["description", nil], ["rating", "PG-13"], ["release_date", Fri, 05 Jan 2001 00:00:00 UTC +00:00], ["title", "Chocolat"], ["updated_at", Fri, 13 Mar 2015 14:51:11 UTC +00:00]]
  [1m[35m (19.3ms)[0m  commit transaction
  [1m[36m (0.1ms)[0m  [1mbegin transaction[0m
  [1m[35mSQL (0.6ms)[0m  INSERT INTO "movies" ("created_at", "description", "rating", "release_date", "title", "updated_at") VALUES (?, ?, ?, ?, ?, ?)  [["created_at", Fri, 13 Mar 2015 14:51:12 UTC +00:00], ["description", nil], ["rating", "R"], ["release_date", Wed, 25 Apr 2001 00:00:00 UTC +00:00], ["title", "Amelie"], ["updated_at", Fri, 13 Mar 2015 14:51:12 UTC +00:00]]
  [1m[36m (21.2ms)[0m  [1mcommit transaction[0m
  [1m[35m (0.1ms)[0m  begin transaction
  [1m[36mSQL (0.4ms)[0m  [1mINSERT INTO "movies" ("created_at", "description", "rating", "release_date", "title", "updated_at") VALUES (?, ?, ?, ?, ?, ?)[0m  [["created_at", Fri, 13 Mar 2015 14:51:12 UTC +00:00], ["description", nil], ["rating", "G"], ["release_date", Sat, 06 Apr 1968 00:00:00 UTC +00:00], ["title", "2001: A Space Odyssey"], ["updated_at", Fri, 13 Mar 2015 14:51:12 UTC +00:00]]
  [1m[35m (18.2ms)[0m  commit transaction
  [1m[36m (0.1ms)[0m  [1mbegin transaction[0m
  [1m[35mSQL (0.4ms)[0m  INSERT INTO "movies" ("created_at", "description", "rating", "release_date", "title", "updated_at") VALUES (?, ?, ?, ?, ?, ?)  [["created_at", Fri, 13 Mar 2015 14:51:12 UTC +00:00], ["description", nil], ["rating", "PG"], ["release_date", Fri, 05 Nov 2004 00:00:00 UTC +00:00], ["title", "The Incredibles"], ["updated_at", Fri, 13 Mar 2015 14:51:12 UTC +00:00]]
  [1m[36m (19.3ms)[0m  [1mcommit transaction[0m
  [1m[35m (0.1ms)[0m  begin transaction
  [1m[36mSQL (0.4ms)[0m  [1mINSERT INTO "movies" ("created_at", "description", "rating", "release_date", "title", "updated_at") VALUES (?, ?, ?, ?, ?, ?)[0m  [["created_at", Fri, 13 Mar 2015 14:51:12 UTC +00:00], ["description", nil], ["rating", "PG"], ["release_date", Fri, 12 Jun 1981 00:00:00 UTC +00:00], ["title", "Raiders of the Lost Ark"], ["updated_at", Fri, 13 Mar 2015 14:51:12 UTC +00:00]]
  [1m[35m (17.6ms)[0m  commit transaction
  [1m[36m (0.0ms)[0m  [1mbegin transaction[0m
  [1m[35mSQL (0.5ms)[0m  INSERT INTO "movies" ("created_at", "description", "rating", "release_date", "title", "updated_at") VALUES (?, ?, ?, ?, ?, ?)  [["created_at", Fri, 13 Mar 2015 14:51:12 UTC +00:00], ["description", nil], ["rating", "G"], ["release_date", Wed, 21 Jun 2000 00:00:00 UTC +00:00], ["title", "Chicken Run"], ["updated_at", Fri, 13 Mar 2015 14:51:12 UTC +00:00]]
  [1m[36m (22.8ms)[0m  [1mcommit transaction[0m


Started GET "/assets/rails.png" for 127.0.0.1 at 2015-03-13 12:03:31 -0300
Connecting to database specified by database.yml
Served asset /rails.png - 200 OK (36ms)


Started GET "/assets/rails.png" for 127.0.0.1 at 2015-03-13 12:15:03 -0300
Connecting to database specified by database.yml
Served asset /rails.png - 200 OK (23ms)


Started GET "/movies" for 127.0.0.1 at 2015-03-13 12:15:09 -0300
Processing by MoviesController#index as HTML
  [1m[36mMovie Load (0.6ms)[0m  [1mSELECT "movies".* FROM "movies" [0m
  Rendered movies/index.html.haml within layouts/application (25.5ms)
Compiled application.css  (0ms)  (pid 7152)
Compiled jquery.js  (1ms)  (pid 7152)
Compiled jquery_ujs.js  (0ms)  (pid 7152)
Compiled application.js  (129ms)  (pid 7152)
Completed 200 OK in 480.6ms (Views: 273.8ms | ActiveRecord: 21.4ms)


Started GET "/assets/application.css?body=1" for 127.0.0.1 at 2015-03-13 12:15:10 -0300
Served asset /application.css - 200 OK (106ms)


Started GET "/assets/jquery.js?body=1" for 127.0.0.1 at 2015-03-13 12:15:10 -0300
Served asset /jquery.js - 200 OK (64ms)


Started GET "/assets/jquery_ujs.js?body=1" for 127.0.0.1 at 2015-03-13 12:15:10 -0300
Served asset /jquery_ujs.js - 200 OK (44ms)


Started GET "/assets/application.js?body=1" for 127.0.0.1 at 2015-03-13 12:15:10 -0300
Served asset /application.js - 200 OK (52ms)


Started GET "/movies" for 127.0.0.1 at 2015-03-13 12:22:19 -0300
Processing by MoviesController#index as HTML
  [1m[35mMovie Load (0.5ms)[0m  SELECT "movies".* FROM "movies" 
  Rendered movies/index.html.haml within layouts/application (9.2ms)
Completed 200 OK in 16.7ms (Views: 14.7ms | ActiveRecord: 0.5ms)


Started GET "/assets/application.css?body=1" for 127.0.0.1 at 2015-03-13 12:22:19 -0300
Served asset /application.css - 200 OK (1ms)


Started GET "/assets/jquery.js?body=1" for 127.0.0.1 at 2015-03-13 12:22:19 -0300
Served asset /jquery.js - 200 OK (28ms)


Started GET "/assets/jquery_ujs.js?body=1" for 127.0.0.1 at 2015-03-13 12:22:19 -0300
Served asset /jquery_ujs.js - 200 OK (0ms)


Started GET "/assets/application.js?body=1" for 127.0.0.1 at 2015-03-13 12:22:19 -0300
Served asset /application.js - 200 OK (2ms)


Started GET "/movies" for 127.0.0.1 at 2015-03-13 12:32:05 -0300
Processing by MoviesController#index as HTML
  [1m[36mMovie Load (0.5ms)[0m  [1mSELECT "movies".* FROM "movies" [0m
  Rendered movies/index.html.haml within layouts/application (4.2ms)
Compiled application.css  (0ms)  (pid 7152)
Completed 200 OK in 49.7ms (Views: 25.2ms | ActiveRecord: 0.5ms)


Started GET "/assets/application.css?body=1" for 127.0.0.1 at 2015-03-13 12:32:05 -0300
Served asset /application.css - 200 OK (7ms)


Started GET "/assets/jquery.js?body=1" for 127.0.0.1 at 2015-03-13 12:32:05 -0300
Served asset /jquery.js - 304 Not Modified (16ms)


Started GET "/assets/jquery_ujs.js?body=1" for 127.0.0.1 at 2015-03-13 12:32:05 -0300
Served asset /jquery_ujs.js - 304 Not Modified (12ms)


Started GET "/assets/application.js?body=1" for 127.0.0.1 at 2015-03-13 12:32:05 -0300
Served asset /application.js - 304 Not Modified (1ms)


Started GET "/movies?sort=title" for 127.0.0.1 at 2015-03-13 12:32:08 -0300
Processing by MoviesController#index as HTML
  Parameters: {"sort"=>"title"}
  [1m[35mMovie Load (0.5ms)[0m  SELECT "movies".* FROM "movies" 
  Rendered movies/index.html.haml within layouts/application (3.4ms)
Completed 200 OK in 40.0ms (Views: 37.6ms | ActiveRecord: 0.5ms)


Started GET "/assets/application.css?body=1" for 127.0.0.1 at 2015-03-13 12:32:08 -0300
Served asset /application.css - 304 Not Modified (0ms)


Started GET "/assets/jquery.js?body=1" for 127.0.0.1 at 2015-03-13 12:32:08 -0300
Served asset /jquery.js - 304 Not Modified (11ms)


Started GET "/assets/application.js?body=1" for 127.0.0.1 at 2015-03-13 12:32:08 -0300
Served asset /application.js - 304 Not Modified (12ms)


Started GET "/assets/jquery_ujs.js?body=1" for 127.0.0.1 at 2015-03-13 12:32:08 -0300
Served asset /jquery_ujs.js - 304 Not Modified (0ms)


Started GET "/movies?sort=title" for 127.0.0.1 at 2015-03-13 12:32:12 -0300
Processing by MoviesController#index as HTML
  Parameters: {"sort"=>"title"}
  [1m[36mMovie Load (0.4ms)[0m  [1mSELECT "movies".* FROM "movies" [0m
  Rendered movies/index.html.haml within layouts/application (5.7ms)
Completed 200 OK in 20.1ms (Views: 14.7ms | ActiveRecord: 0.4ms)


Started GET "/assets/application.css?body=1" for 127.0.0.1 at 2015-03-13 12:32:12 -0300
Served asset /application.css - 304 Not Modified (0ms)


Started GET "/assets/application.js?body=1" for 127.0.0.1 at 2015-03-13 12:32:12 -0300
Served asset /application.js - 304 Not Modified (8ms)


Started GET "/assets/jquery_ujs.js?body=1" for 127.0.0.1 at 2015-03-13 12:32:12 -0300
Served asset /jquery_ujs.js - 304 Not Modified (0ms)


Started GET "/assets/jquery.js?body=1" for 127.0.0.1 at 2015-03-13 12:32:12 -0300
Served asset /jquery.js - 304 Not Modified (1ms)


Started GET "/movies?sort=title" for 127.0.0.1 at 2015-03-13 12:32:13 -0300
Processing by MoviesController#index as HTML
  Parameters: {"sort"=>"title"}
  [1m[35mMovie Load (0.4ms)[0m  SELECT "movies".* FROM "movies" 
  Rendered movies/index.html.haml within layouts/application (16.4ms)
Completed 200 OK in 34.1ms (Views: 31.9ms | ActiveRecord: 0.4ms)


Started GET "/assets/application.css?body=1" for 127.0.0.1 at 2015-03-13 12:32:13 -0300
Served asset /application.css - 304 Not Modified (4ms)


Started GET "/assets/jquery.js?body=1" for 127.0.0.1 at 2015-03-13 12:32:13 -0300
Served asset /jquery.js - 304 Not Modified (24ms)


Started GET "/assets/jquery_ujs.js?body=1" for 127.0.0.1 at 2015-03-13 12:32:13 -0300
Served asset /jquery_ujs.js - 304 Not Modified (6ms)


Started GET "/assets/application.js?body=1" for 127.0.0.1 at 2015-03-13 12:32:13 -0300
Served asset /application.js - 304 Not Modified (1ms)


Started GET "/movies?sort=title" for 127.0.0.1 at 2015-03-13 12:32:14 -0300
Processing by MoviesController#index as HTML
  Parameters: {"sort"=>"title"}
  [1m[36mMovie Load (0.4ms)[0m  [1mSELECT "movies".* FROM "movies" [0m
  Rendered movies/index.html.haml within layouts/application (8.0ms)
Completed 200 OK in 24.5ms (Views: 22.5ms | ActiveRecord: 0.4ms)


Started GET "/assets/application.css?body=1" for 127.0.0.1 at 2015-03-13 12:32:14 -0300
Served asset /application.css - 304 Not Modified (0ms)


Started GET "/assets/jquery.js?body=1" for 127.0.0.1 at 2015-03-13 12:32:14 -0300
Served asset /jquery.js - 304 Not Modified (16ms)


Started GET "/assets/jquery_ujs.js?body=1" for 127.0.0.1 at 2015-03-13 12:32:14 -0300
Served asset /jquery_ujs.js - 304 Not Modified (0ms)


Started GET "/assets/application.js?body=1" for 127.0.0.1 at 2015-03-13 12:32:14 -0300
Served asset /application.js - 304 Not Modified (10ms)


Started GET "/movies?sort=title" for 127.0.0.1 at 2015-03-13 12:36:21 -0300
Processing by MoviesController#index as HTML
  Parameters: {"sort"=>"title"}
  [1m[35mMovie Load (0.4ms)[0m  SELECT "movies".* FROM "movies" 
  Rendered movies/index.html.haml within layouts/application (30.9ms)
Completed 200 OK in 53.0ms (Views: 50.8ms | ActiveRecord: 0.4ms)


Started GET "/assets/application.css?body=1" for 127.0.0.1 at 2015-03-13 12:36:21 -0300
Served asset /application.css - 304 Not Modified (0ms)


Started GET "/assets/jquery.js?body=1" for 127.0.0.1 at 2015-03-13 12:36:21 -0300
Served asset /jquery.js - 304 Not Modified (14ms)


Started GET "/assets/jquery_ujs.js?body=1" for 127.0.0.1 at 2015-03-13 12:36:21 -0300
Served asset /jquery_ujs.js - 304 Not Modified (4ms)


Started GET "/assets/application.js?body=1" for 127.0.0.1 at 2015-03-13 12:36:21 -0300
Served asset /application.js - 304 Not Modified (10ms)


Started GET "/movies?sort=title" for 127.0.0.1 at 2015-03-13 12:36:25 -0300
Processing by MoviesController#index as HTML
  Parameters: {"sort"=>"title"}
  [1m[36mMovie Load (0.5ms)[0m  [1mSELECT "movies".* FROM "movies" [0m
  Rendered movies/index.html.haml within layouts/application (4.3ms)
Completed 200 OK in 18.1ms (Views: 12.1ms | ActiveRecord: 0.5ms)


Started GET "/assets/application.css?body=1" for 127.0.0.1 at 2015-03-13 12:36:25 -0300
Served asset /application.css - 304 Not Modified (0ms)


Started GET "/assets/jquery.js?body=1" for 127.0.0.1 at 2015-03-13 12:36:25 -0300
Served asset /jquery.js - 304 Not Modified (17ms)


Started GET "/assets/jquery_ujs.js?body=1" for 127.0.0.1 at 2015-03-13 12:36:25 -0300
Served asset /jquery_ujs.js - 304 Not Modified (0ms)


Started GET "/assets/application.js?body=1" for 127.0.0.1 at 2015-03-13 12:36:25 -0300
Served asset /application.js - 304 Not Modified (13ms)


Started GET "/movies?sort=release_date" for 127.0.0.1 at 2015-03-13 12:36:27 -0300
Processing by MoviesController#index as HTML
  Parameters: {"sort"=>"release_date"}
  [1m[35mMovie Load (0.5ms)[0m  SELECT "movies".* FROM "movies" 
  Rendered movies/index.html.haml within layouts/application (5.1ms)
Completed 200 OK in 20.2ms (Views: 13.6ms | ActiveRecord: 0.5ms)


Started GET "/assets/application.css?body=1" for 127.0.0.1 at 2015-03-13 12:36:27 -0300
Served asset /application.css - 304 Not Modified (0ms)


Started GET "/assets/jquery.js?body=1" for 127.0.0.1 at 2015-03-13 12:36:27 -0300
Served asset /jquery.js - 304 Not Modified (26ms)


Started GET "/assets/application.js?body=1" for 127.0.0.1 at 2015-03-13 12:36:27 -0300
Served asset /application.js - 304 Not Modified (18ms)


Started GET "/assets/jquery_ujs.js?body=1" for 127.0.0.1 at 2015-03-13 12:36:27 -0300
Served asset /jquery_ujs.js - 304 Not Modified (0ms)


Started GET "/movies?sort=title" for 127.0.0.1 at 2015-03-13 12:36:32 -0300
Processing by MoviesController#index as HTML
  Parameters: {"sort"=>"title"}
  [1m[36mMovie Load (0.4ms)[0m  [1mSELECT "movies".* FROM "movies" [0m
  Rendered movies/index.html.haml within layouts/application (6.6ms)
Completed 200 OK in 23.7ms (Views: 21.7ms | ActiveRecord: 0.4ms)


Started GET "/assets/application.css?body=1" for 127.0.0.1 at 2015-03-13 12:36:32 -0300
Served asset /application.css - 304 Not Modified (0ms)


Started GET "/assets/jquery.js?body=1" for 127.0.0.1 at 2015-03-13 12:36:32 -0300
Served asset /jquery.js - 304 Not Modified (7ms)


Started GET "/assets/jquery_ujs.js?body=1" for 127.0.0.1 at 2015-03-13 12:36:32 -0300
Served asset /jquery_ujs.js - 304 Not Modified (0ms)


Started GET "/assets/application.js?body=1" for 127.0.0.1 at 2015-03-13 12:36:32 -0300
Served asset /application.js - 304 Not Modified (15ms)


Started GET "/movies?sort=release_date" for 127.0.0.1 at 2015-03-13 12:36:35 -0300
Processing by MoviesController#index as HTML
  Parameters: {"sort"=>"release_date"}
  [1m[35mMovie Load (0.5ms)[0m  SELECT "movies".* FROM "movies" 
  Rendered movies/index.html.haml within layouts/application (5.6ms)
Completed 200 OK in 25.4ms (Views: 23.1ms | ActiveRecord: 0.5ms)


Started GET "/assets/application.css?body=1" for 127.0.0.1 at 2015-03-13 12:36:35 -0300
Served asset /application.css - 304 Not Modified (4ms)


Started GET "/assets/jquery.js?body=1" for 127.0.0.1 at 2015-03-13 12:36:35 -0300
Served asset /jquery.js - 304 Not Modified (7ms)


Started GET "/assets/jquery_ujs.js?body=1" for 127.0.0.1 at 2015-03-13 12:36:35 -0300
Served asset /jquery_ujs.js - 304 Not Modified (0ms)


Started GET "/assets/application.js?body=1" for 127.0.0.1 at 2015-03-13 12:36:35 -0300
Served asset /application.js - 304 Not Modified (15ms)


Started GET "/movies?sort=title" for 127.0.0.1 at 2015-03-13 12:36:36 -0300
Processing by MoviesController#index as HTML
  Parameters: {"sort"=>"title"}
  [1m[36mMovie Load (0.5ms)[0m  [1mSELECT "movies".* FROM "movies" [0m
  Rendered movies/index.html.haml within layouts/application (15.7ms)
Completed 200 OK in 43.8ms (Views: 40.9ms | ActiveRecord: 0.5ms)


Started GET "/assets/application.css?body=1" for 127.0.0.1 at 2015-03-13 12:36:37 -0300
Served asset /application.css - 304 Not Modified (0ms)


Started GET "/assets/jquery.js?body=1" for 127.0.0.1 at 2015-03-13 12:36:37 -0300
Served asset /jquery.js - 304 Not Modified (2ms)


Started GET "/assets/jquery_ujs.js?body=1" for 127.0.0.1 at 2015-03-13 12:36:37 -0300
Served asset /jquery_ujs.js - 304 Not Modified (0ms)


Started GET "/assets/application.js?body=1" for 127.0.0.1 at 2015-03-13 12:36:37 -0300
Served asset /application.js - 304 Not Modified (1ms)


Started GET "/movies?sort=title" for 127.0.0.1 at 2015-03-13 12:36:49 -0300
Processing by MoviesController#index as HTML
  Parameters: {"sort"=>"title"}
  [1m[35mMovie Load (0.4ms)[0m  SELECT "movies".* FROM "movies" 
  Rendered movies/index.html.haml within layouts/application (4.7ms)
Completed 200 OK in 13.4ms (Views: 11.5ms | ActiveRecord: 0.4ms)


Started GET "/assets/application.css?body=1" for 127.0.0.1 at 2015-03-13 12:36:49 -0300
Served asset /application.css - 304 Not Modified (0ms)


Started GET "/assets/jquery.js?body=1" for 127.0.0.1 at 2015-03-13 12:36:49 -0300
Served asset /jquery.js - 304 Not Modified (21ms)


Started GET "/assets/jquery_ujs.js?body=1" for 127.0.0.1 at 2015-03-13 12:36:49 -0300
Served asset /jquery_ujs.js - 304 Not Modified (0ms)


Started GET "/assets/application.js?body=1" for 127.0.0.1 at 2015-03-13 12:36:49 -0300
Served asset /application.js - 304 Not Modified (1ms)


Started GET "/movies?sort=release_date" for 127.0.0.1 at 2015-03-13 12:36:51 -0300
Processing by MoviesController#index as HTML
  Parameters: {"sort"=>"release_date"}
  [1m[36mMovie Load (0.4ms)[0m  [1mSELECT "movies".* FROM "movies" [0m
  Rendered movies/index.html.haml within layouts/application (4.3ms)
Completed 200 OK in 29.5ms (Views: 12.0ms | ActiveRecord: 0.4ms)


Started GET "/assets/application.css?body=1" for 127.0.0.1 at 2015-03-13 12:36:51 -0300
Served asset /application.css - 304 Not Modified (9ms)


Started GET "/assets/jquery.js?body=1" for 127.0.0.1 at 2015-03-13 12:36:51 -0300
Served asset /jquery.js - 304 Not Modified (3ms)


Started GET "/assets/jquery_ujs.js?body=1" for 127.0.0.1 at 2015-03-13 12:36:51 -0300
Served asset /jquery_ujs.js - 304 Not Modified (0ms)


Started GET "/assets/application.js?body=1" for 127.0.0.1 at 2015-03-13 12:36:51 -0300
Served asset /application.js - 304 Not Modified (1ms)


Started GET "/movies?sort=release_date" for 127.0.0.1 at 2015-03-13 12:48:26 -0300
Processing by MoviesController#index as HTML
  Parameters: {"sort"=>"release_date"}
Completed 500 Internal Server Error in 2.1ms

NoMethodError (undefined method `all_ratings' for #<Class:0xb56f1ae8>):
  app/controllers/movies_controller.rb:10:in `index'


  Rendered /home/saasbook/.rvm/gems/ruby-1.9.3-p448/gems/actionpack-3.2.18/lib/action_dispatch/middleware/templates/rescues/_trace.erb (2.0ms)
  Rendered /home/saasbook/.rvm/gems/ruby-1.9.3-p448/gems/actionpack-3.2.18/lib/action_dispatch/middleware/templates/rescues/_request_and_response.erb (1.1ms)
  Rendered /home/saasbook/.rvm/gems/ruby-1.9.3-p448/gems/actionpack-3.2.18/lib/action_dispatch/middleware/templates/rescues/diagnostics.erb within rescues/layout (61.5ms)


Started GET "/movies?sort=release_date" for 127.0.0.1 at 2015-03-13 12:50:04 -0300
Processing by MoviesController#index as HTML
  Parameters: {"sort"=>"release_date"}
Completed 500 Internal Server Error in 1.4ms

NameError (uninitialized constant MoviesController::Movies):
  app/controllers/movies_controller.rb:31:in `index'


  Rendered /home/saasbook/.rvm/gems/ruby-1.9.3-p448/gems/actionpack-3.2.18/lib/action_dispatch/middleware/templates/rescues/_trace.erb (11.0ms)
  Rendered /home/saasbook/.rvm/gems/ruby-1.9.3-p448/gems/actionpack-3.2.18/lib/action_dispatch/middleware/templates/rescues/_request_and_response.erb (7.1ms)
  Rendered /home/saasbook/.rvm/gems/ruby-1.9.3-p448/gems/actionpack-3.2.18/lib/action_dispatch/middleware/templates/rescues/diagnostics.erb within rescues/layout (68.7ms)


Started GET "/movies?sort=release_date" for 127.0.0.1 at 2015-03-13 12:52:45 -0300
Processing by MoviesController#index as HTML
  Parameters: {"sort"=>"release_date"}
Completed 500 Internal Server Error in 1.2ms

NameError (uninitialized constant MoviesController::Movies):
  app/controllers/movies_controller.rb:34:in `index'


  Rendered /home/saasbook/.rvm/gems/ruby-1.9.3-p448/gems/actionpack-3.2.18/lib/action_dispatch/middleware/templates/rescues/_trace.erb (6.4ms)
  Rendered /home/saasbook/.rvm/gems/ruby-1.9.3-p448/gems/actionpack-3.2.18/lib/action_dispatch/middleware/templates/rescues/_request_and_response.erb (1.0ms)
  Rendered /home/saasbook/.rvm/gems/ruby-1.9.3-p448/gems/actionpack-3.2.18/lib/action_dispatch/middleware/templates/rescues/diagnostics.erb within rescues/layout (118.7ms)


Started GET "/movies?sort=release_date" for 127.0.0.1 at 2015-03-13 12:58:24 -0300
Processing by MoviesController#index as HTML
  Parameters: {"sort"=>"release_date"}
  [1m[35mMovie Load (1.4ms)[0m  SELECT "movies".* FROM "movies" WHERE "movies"."rating" IN ('G', 'PG', 'PG-13', 'R') ORDER BY release_date
  Rendered movies/index.html.haml within layouts/application (64.3ms)
Completed 200 OK in 432.0ms (Views: 62.4ms | ActiveRecord: 37.3ms)


Started GET "/assets/application.css?body=1" for 127.0.0.1 at 2015-03-13 12:58:24 -0300
Served asset /application.css - 304 Not Modified (7ms)


Started GET "/assets/jquery.js?body=1" for 127.0.0.1 at 2015-03-13 12:58:24 -0300
Served asset /jquery.js - 304 Not Modified (14ms)


Started GET "/assets/jquery_ujs.js?body=1" for 127.0.0.1 at 2015-03-13 12:58:24 -0300
Served asset /jquery_ujs.js - 304 Not Modified (10ms)


Started GET "/assets/application.js?body=1" for 127.0.0.1 at 2015-03-13 12:58:24 -0300
Served asset /application.js - 304 Not Modified (8ms)


Started GET "/movies?sort=title" for 127.0.0.1 at 2015-03-13 12:58:27 -0300
Processing by MoviesController#index as HTML
  Parameters: {"sort"=>"title"}
  [1m[36mMovie Load (1.0ms)[0m  [1mSELECT "movies".* FROM "movies" WHERE "movies"."rating" IN ('G', 'PG', 'PG-13', 'R') ORDER BY title[0m
  Rendered movies/index.html.haml within layouts/application (9.9ms)
Completed 200 OK in 27.5ms (Views: 25.7ms | ActiveRecord: 1.0ms)


Started GET "/assets/application.css?body=1" for 127.0.0.1 at 2015-03-13 12:58:27 -0300
Served asset /application.css - 304 Not Modified (4ms)


Started GET "/assets/jquery.js?body=1" for 127.0.0.1 at 2015-03-13 12:58:27 -0300
Served asset /jquery.js - 304 Not Modified (7ms)


Started GET "/assets/jquery_ujs.js?body=1" for 127.0.0.1 at 2015-03-13 12:58:27 -0300
Served asset /jquery_ujs.js - 304 Not Modified (0ms)


Started GET "/assets/application.js?body=1" for 127.0.0.1 at 2015-03-13 12:58:27 -0300
Served asset /application.js - 304 Not Modified (7ms)


Started GET "/movies?sort=release_date" for 127.0.0.1 at 2015-03-13 12:58:29 -0300
Processing by MoviesController#index as HTML
  Parameters: {"sort"=>"release_date"}
  [1m[35mMovie Load (0.5ms)[0m  SELECT "movies".* FROM "movies" WHERE "movies"."rating" IN ('G', 'PG', 'PG-13', 'R') ORDER BY release_date
  Rendered movies/index.html.haml within layouts/application (16.4ms)
Completed 200 OK in 35.1ms (Views: 33.7ms | ActiveRecord: 0.5ms)


Started GET "/assets/application.css?body=1" for 127.0.0.1 at 2015-03-13 12:58:29 -0300
Served asset /application.css - 304 Not Modified (0ms)


Started GET "/assets/jquery.js?body=1" for 127.0.0.1 at 2015-03-13 12:58:30 -0300
Served asset /jquery.js - 304 Not Modified (18ms)


Started GET "/assets/jquery_ujs.js?body=1" for 127.0.0.1 at 2015-03-13 12:58:30 -0300
Served asset /jquery_ujs.js - 304 Not Modified (4ms)


Started GET "/assets/application.js?body=1" for 127.0.0.1 at 2015-03-13 12:58:30 -0300
Served asset /application.js - 304 Not Modified (12ms)


Started GET "/movies?sort=title" for 127.0.0.1 at 2015-03-13 12:58:47 -0300
Processing by MoviesController#index as HTML
  Parameters: {"sort"=>"title"}
  [1m[36mMovie Load (1.2ms)[0m  [1mSELECT "movies".* FROM "movies" WHERE "movies"."rating" IN ('G', 'PG', 'PG-13', 'R') ORDER BY title[0m
  Rendered movies/index.html.haml within layouts/application (9.3ms)
Completed 200 OK in 25.5ms (Views: 23.6ms | ActiveRecord: 1.2ms)


Started GET "/assets/application.css?body=1" for 127.0.0.1 at 2015-03-13 12:58:47 -0300
Served asset /application.css - 304 Not Modified (0ms)


Started GET "/assets/jquery.js?body=1" for 127.0.0.1 at 2015-03-13 12:58:47 -0300
Served asset /jquery.js - 304 Not Modified (6ms)


Started GET "/assets/application.js?body=1" for 127.0.0.1 at 2015-03-13 12:58:47 -0300
Served asset /application.js - 304 Not Modified (18ms)


Started GET "/assets/jquery_ujs.js?body=1" for 127.0.0.1 at 2015-03-13 12:58:47 -0300
Served asset /jquery_ujs.js - 304 Not Modified (0ms)


Started GET "/movies?sort=release_date" for 127.0.0.1 at 2015-03-13 12:58:49 -0300
Processing by MoviesController#index as HTML
  Parameters: {"sort"=>"release_date"}
  [1m[35mMovie Load (0.6ms)[0m  SELECT "movies".* FROM "movies" WHERE "movies"."rating" IN ('G', 'PG', 'PG-13', 'R') ORDER BY release_date
  Rendered movies/index.html.haml within layouts/application (10.7ms)
Completed 200 OK in 30.6ms (Views: 29.1ms | ActiveRecord: 0.6ms)


Started GET "/assets/application.css?body=1" for 127.0.0.1 at 2015-03-13 12:58:49 -0300
Served asset /application.css - 304 Not Modified (0ms)


Started GET "/assets/jquery.js?body=1" for 127.0.0.1 at 2015-03-13 12:58:49 -0300
Served asset /jquery.js - 304 Not Modified (3ms)


Started GET "/assets/jquery_ujs.js?body=1" for 127.0.0.1 at 2015-03-13 12:58:49 -0300
Served asset /jquery_ujs.js - 304 Not Modified (0ms)


Started GET "/assets/application.js?body=1" for 127.0.0.1 at 2015-03-13 12:58:49 -0300
Served asset /application.js - 304 Not Modified (12ms)


Started GET "/movies?sort=release_date" for 127.0.0.1 at 2015-03-13 13:00:55 -0300
Processing by MoviesController#index as HTML
  Parameters: {"sort"=>"release_date"}
  [1m[36mMovie Load (0.5ms)[0m  [1mSELECT "movies".* FROM "movies" WHERE "movies"."rating" IN ('G', 'PG', 'PG-13', 'R') ORDER BY release_date[0m
  Rendered movies/index.html.haml within layouts/application (117.1ms)
Completed 200 OK in 137.4ms (Views: 136.1ms | ActiveRecord: 0.5ms)


Started GET "/assets/application.css?body=1" for 127.0.0.1 at 2015-03-13 13:00:56 -0300
Served asset /application.css - 304 Not Modified (9ms)


Started GET "/assets/jquery.js?body=1" for 127.0.0.1 at 2015-03-13 13:00:56 -0300
Served asset /jquery.js - 304 Not Modified (14ms)


Started GET "/assets/jquery_ujs.js?body=1" for 127.0.0.1 at 2015-03-13 13:00:56 -0300
Served asset /jquery_ujs.js - 304 Not Modified (0ms)


Started GET "/assets/application.js?body=1" for 127.0.0.1 at 2015-03-13 13:00:56 -0300
Served asset /application.js - 304 Not Modified (7ms)


Started GET "/movies?sort=title" for 127.0.0.1 at 2015-03-13 13:01:00 -0300
Processing by MoviesController#index as HTML
  Parameters: {"sort"=>"title"}
  [1m[35mMovie Load (0.5ms)[0m  SELECT "movies".* FROM "movies" WHERE "movies"."rating" IN ('G', 'PG', 'PG-13', 'R') ORDER BY title
  Rendered movies/index.html.haml within layouts/application (11.0ms)
Completed 200 OK in 39.0ms (Views: 37.0ms | ActiveRecord: 0.5ms)


Started GET "/assets/application.css?body=1" for 127.0.0.1 at 2015-03-13 13:01:00 -0300
Served asset /application.css - 304 Not Modified (3ms)


Started GET "/assets/jquery.js?body=1" for 127.0.0.1 at 2015-03-13 13:01:00 -0300
Served asset /jquery.js - 304 Not Modified (6ms)


Started GET "/assets/jquery_ujs.js?body=1" for 127.0.0.1 at 2015-03-13 13:01:00 -0300
Served asset /jquery_ujs.js - 304 Not Modified (0ms)


Started GET "/assets/application.js?body=1" for 127.0.0.1 at 2015-03-13 13:01:00 -0300
Served asset /application.js - 304 Not Modified (11ms)


Started GET "/movies?sort=release_date" for 127.0.0.1 at 2015-03-13 13:01:02 -0300
Processing by MoviesController#index as HTML
  Parameters: {"sort"=>"release_date"}
  [1m[36mMovie Load (0.5ms)[0m  [1mSELECT "movies".* FROM "movies" WHERE "movies"."rating" IN ('G', 'PG', 'PG-13', 'R') ORDER BY release_date[0m
  Rendered movies/index.html.haml within layouts/application (25.2ms)
Completed 200 OK in 43.7ms (Views: 35.8ms | ActiveRecord: 0.5ms)


Started GET "/assets/application.css?body=1" for 127.0.0.1 at 2015-03-13 13:01:02 -0300
Served asset /application.css - 304 Not Modified (0ms)


Started GET "/assets/jquery.js?body=1" for 127.0.0.1 at 2015-03-13 13:01:02 -0300
Served asset /jquery.js - 304 Not Modified (18ms)


Started GET "/assets/jquery_ujs.js?body=1" for 127.0.0.1 at 2015-03-13 13:01:02 -0300
Served asset /jquery_ujs.js - 304 Not Modified (0ms)


Started GET "/assets/application.js?body=1" for 127.0.0.1 at 2015-03-13 13:01:02 -0300
Served asset /application.js - 304 Not Modified (20ms)


Started GET "/movies?sort=title" for 127.0.0.1 at 2015-03-13 13:01:04 -0300
Processing by MoviesController#index as HTML
  Parameters: {"sort"=>"title"}
  [1m[35mMovie Load (11.6ms)[0m  SELECT "movies".* FROM "movies" WHERE "movies"."rating" IN ('G', 'PG', 'PG-13', 'R') ORDER BY title
  Rendered movies/index.html.haml within layouts/application (25.7ms)
Completed 200 OK in 40.9ms (Views: 28.5ms | ActiveRecord: 11.6ms)


Started GET "/assets/application.css?body=1" for 127.0.0.1 at 2015-03-13 13:01:04 -0300
Served asset /application.css - 304 Not Modified (0ms)


Started GET "/assets/jquery.js?body=1" for 127.0.0.1 at 2015-03-13 13:01:04 -0300
Served asset /jquery.js - 304 Not Modified (6ms)


Started GET "/assets/jquery_ujs.js?body=1" for 127.0.0.1 at 2015-03-13 13:01:04 -0300
Served asset /jquery_ujs.js - 304 Not Modified (7ms)


Started GET "/assets/application.js?body=1" for 127.0.0.1 at 2015-03-13 13:01:04 -0300
Served asset /application.js - 304 Not Modified (8ms)


Started GET "/movies?utf8=%E2%9C%93&sort=title&ratings%5BG%5D=yes&ratings%5BPG%5D=yes&ratings%5BPG-13%5D=yes&commit=Refresh" for 127.0.0.1 at 2015-03-13 13:01:10 -0300
Processing by MoviesController#index as HTML
  Parameters: {"utf8"=>"✓", "sort"=>"title", "ratings"=>{"G"=>"yes", "PG"=>"yes", "PG-13"=>"yes"}, "commit"=>"Refresh"}
  [1m[36mMovie Load (0.5ms)[0m  [1mSELECT "movies".* FROM "movies" WHERE "movies"."rating" IN ('G', 'PG', 'PG-13') ORDER BY title[0m
  Rendered movies/index.html.haml within layouts/application (10.1ms)
Completed 200 OK in 52.1ms (Views: 35.7ms | ActiveRecord: 0.5ms)


Started GET "/assets/application.css?body=1" for 127.0.0.1 at 2015-03-13 13:01:10 -0300
Served asset /application.css - 304 Not Modified (0ms)


Started GET "/assets/jquery.js?body=1" for 127.0.0.1 at 2015-03-13 13:01:10 -0300
Served asset /jquery.js - 304 Not Modified (32ms)


Started GET "/assets/application.js?body=1" for 127.0.0.1 at 2015-03-13 13:01:10 -0300
Served asset /application.js - 304 Not Modified (11ms)


Started GET "/assets/jquery_ujs.js?body=1" for 127.0.0.1 at 2015-03-13 13:01:10 -0300
Served asset /jquery_ujs.js - 304 Not Modified (0ms)


Started GET "/movies?commit=Refresh&ratings%5BG%5D=yes&ratings%5BPG%5D=yes&ratings%5BPG-13%5D=yes&sort=title&utf8=%E2%9C%93" for 127.0.0.1 at 2015-03-13 13:01:11 -0300
Processing by MoviesController#index as HTML
  Parameters: {"commit"=>"Refresh", "ratings"=>{"G"=>"yes", "PG"=>"yes", "PG-13"=>"yes"}, "sort"=>"title", "utf8"=>"✓"}
  [1m[35mMovie Load (0.4ms)[0m  SELECT "movies".* FROM "movies" WHERE "movies"."rating" IN ('G', 'PG', 'PG-13') ORDER BY title
  Rendered movies/index.html.haml within layouts/application (7.0ms)
Completed 200 OK in 20.2ms (Views: 11.2ms | ActiveRecord: 0.4ms)


Started GET "/assets/application.css?body=1" for 127.0.0.1 at 2015-03-13 13:01:11 -0300
Served asset /application.css - 304 Not Modified (0ms)


Started GET "/assets/jquery.js?body=1" for 127.0.0.1 at 2015-03-13 13:01:11 -0300
Served asset /jquery.js - 304 Not Modified (7ms)


Started GET "/assets/jquery_ujs.js?body=1" for 127.0.0.1 at 2015-03-13 13:01:11 -0300
Served asset /jquery_ujs.js - 304 Not Modified (0ms)


Started GET "/assets/application.js?body=1" for 127.0.0.1 at 2015-03-13 13:01:11 -0300
Served asset /application.js - 304 Not Modified (15ms)


Started GET "/movies?utf8=%E2%9C%93&sort=title&ratings%5BR%5D=yes&commit=Refresh" for 127.0.0.1 at 2015-03-13 13:01:19 -0300
Processing by MoviesController#index as HTML
  Parameters: {"utf8"=>"✓", "sort"=>"title", "ratings"=>{"R"=>"yes"}, "commit"=>"Refresh"}
  [1m[36mMovie Load (0.4ms)[0m  [1mSELECT "movies".* FROM "movies" WHERE "movies"."rating" IN ('R') ORDER BY title[0m
  Rendered movies/index.html.haml within layouts/application (7.7ms)
Completed 200 OK in 27.6ms (Views: 26.4ms | ActiveRecord: 0.4ms)


Started GET "/assets/application.css?body=1" for 127.0.0.1 at 2015-03-13 13:01:19 -0300
Served asset /application.css - 304 Not Modified (0ms)


Started GET "/assets/jquery.js?body=1" for 127.0.0.1 at 2015-03-13 13:01:19 -0300
Served asset /jquery.js - 304 Not Modified (7ms)


Started GET "/assets/jquery_ujs.js?body=1" for 127.0.0.1 at 2015-03-13 13:01:19 -0300
Served asset /jquery_ujs.js - 304 Not Modified (4ms)


Started GET "/assets/application.js?body=1" for 127.0.0.1 at 2015-03-13 13:01:19 -0300
Served asset /application.js - 304 Not Modified (10ms)


Started GET "/movies?commit=Refresh&ratings%5BR%5D=yes&sort=title&utf8=%E2%9C%93" for 127.0.0.1 at 2015-03-13 13:01:20 -0300
Processing by MoviesController#index as HTML
  Parameters: {"commit"=>"Refresh", "ratings"=>{"R"=>"yes"}, "sort"=>"title", "utf8"=>"✓"}
  [1m[35mMovie Load (0.5ms)[0m  SELECT "movies".* FROM "movies" WHERE "movies"."rating" IN ('R') ORDER BY title
  Rendered movies/index.html.haml within layouts/application (16.4ms)
Completed 200 OK in 30.3ms (Views: 29.1ms | ActiveRecord: 0.5ms)


Started GET "/assets/application.css?body=1" for 127.0.0.1 at 2015-03-13 13:01:20 -0300
Served asset /application.css - 304 Not Modified (0ms)


Started GET "/assets/jquery.js?body=1" for 127.0.0.1 at 2015-03-13 13:01:20 -0300
Served asset /jquery.js - 304 Not Modified (5ms)


Started GET "/assets/application.js?body=1" for 127.0.0.1 at 2015-03-13 13:01:20 -0300
Served asset /application.js - 304 Not Modified (19ms)


Started GET "/assets/jquery_ujs.js?body=1" for 127.0.0.1 at 2015-03-13 13:01:21 -0300
Served asset /jquery_ujs.js - 304 Not Modified (16ms)


Started GET "/movies?commit=Refresh&ratings%5BR%5D=yes&sort=release_date&utf8=%E2%9C%93" for 127.0.0.1 at 2015-03-13 13:01:22 -0300
Processing by MoviesController#index as HTML
  Parameters: {"commit"=>"Refresh", "ratings"=>{"R"=>"yes"}, "sort"=>"release_date", "utf8"=>"✓"}
  [1m[36mMovie Load (0.5ms)[0m  [1mSELECT "movies".* FROM "movies" WHERE "movies"."rating" IN ('R') ORDER BY release_date[0m
  Rendered movies/index.html.haml within layouts/application (9.0ms)
Completed 200 OK in 32.4ms (Views: 20.6ms | ActiveRecord: 0.5ms)


Started GET "/assets/application.css?body=1" for 127.0.0.1 at 2015-03-13 13:01:22 -0300
Served asset /application.css - 304 Not Modified (0ms)


Started GET "/assets/jquery.js?body=1" for 127.0.0.1 at 2015-03-13 13:01:22 -0300
Served asset /jquery.js - 304 Not Modified (2ms)


Started GET "/assets/application.js?body=1" for 127.0.0.1 at 2015-03-13 13:01:22 -0300
Served asset /application.js - 304 Not Modified (8ms)


Started GET "/assets/jquery_ujs.js?body=1" for 127.0.0.1 at 2015-03-13 13:01:22 -0300
Served asset /jquery_ujs.js - 304 Not Modified (0ms)


Started GET "/movies?commit=Refresh&ratings%5BR%5D=yes&sort=release_date&utf8=%E2%9C%93" for 127.0.0.1 at 2015-03-13 13:12:06 -0300
Processing by MoviesController#index as HTML
  Parameters: {"commit"=>"Refresh", "ratings"=>{"R"=>"yes"}, "sort"=>"release_date", "utf8"=>"✓"}
  [1m[35mMovie Load (0.6ms)[0m  SELECT "movies".* FROM "movies" WHERE "movies"."rating" IN ('R') ORDER BY release_date
  Rendered movies/index.html.haml within layouts/application (4.7ms)
Compiled application.css  (0ms)  (pid 7152)
Completed 200 OK in 112.2ms (Views: 111.2ms | ActiveRecord: 0.6ms)


Started GET "/assets/application.css?body=1" for 127.0.0.1 at 2015-03-13 13:12:06 -0300
Served asset /application.css - 200 OK (10ms)


Started GET "/assets/jquery.js?body=1" for 127.0.0.1 at 2015-03-13 13:12:06 -0300
Served asset /jquery.js - 304 Not Modified (12ms)


Started GET "/assets/jquery_ujs.js?body=1" for 127.0.0.1 at 2015-03-13 13:12:06 -0300
Served asset /jquery_ujs.js - 304 Not Modified (0ms)


Started GET "/assets/application.js?body=1" for 127.0.0.1 at 2015-03-13 13:12:06 -0300
Served asset /application.js - 304 Not Modified (13ms)


Started GET "/movies?commit=Refresh&ratings%5BR%5D=yes&sort=title&utf8=%E2%9C%93" for 127.0.0.1 at 2015-03-13 13:12:09 -0300
Processing by MoviesController#index as HTML
  Parameters: {"commit"=>"Refresh", "ratings"=>{"R"=>"yes"}, "sort"=>"title", "utf8"=>"✓"}
  [1m[36mMovie Load (0.4ms)[0m  [1mSELECT "movies".* FROM "movies" WHERE "movies"."rating" IN ('R') ORDER BY title[0m
  Rendered movies/index.html.haml within layouts/application (5.3ms)
Completed 200 OK in 23.4ms (Views: 22.1ms | ActiveRecord: 0.4ms)


Started GET "/assets/application.css?body=1" for 127.0.0.1 at 2015-03-13 13:12:09 -0300
Served asset /application.css - 304 Not Modified (0ms)


Started GET "/assets/jquery.js?body=1" for 127.0.0.1 at 2015-03-13 13:12:09 -0300
Served asset /jquery.js - 304 Not Modified (8ms)


Started GET "/assets/jquery_ujs.js?body=1" for 127.0.0.1 at 2015-03-13 13:12:09 -0300
Served asset /jquery_ujs.js - 304 Not Modified (0ms)


Started GET "/assets/application.js?body=1" for 127.0.0.1 at 2015-03-13 13:12:09 -0300
Served asset /application.js - 304 Not Modified (10ms)


Started GET "/movies?commit=Refresh&ratings%5BR%5D=yes&sort=release_date&utf8=%E2%9C%93" for 127.0.0.1 at 2015-03-13 13:12:10 -0300
Processing by MoviesController#index as HTML
  Parameters: {"commit"=>"Refresh", "ratings"=>{"R"=>"yes"}, "sort"=>"release_date", "utf8"=>"✓"}
  [1m[35mMovie Load (0.4ms)[0m  SELECT "movies".* FROM "movies" WHERE "movies"."rating" IN ('R') ORDER BY release_date
  Rendered movies/index.html.haml within layouts/application (8.4ms)
Completed 200 OK in 16.9ms (Views: 15.8ms | ActiveRecord: 0.4ms)


Started GET "/assets/application.css?body=1" for 127.0.0.1 at 2015-03-13 13:12:11 -0300
Served asset /application.css - 304 Not Modified (5ms)


Started GET "/assets/jquery.js?body=1" for 127.0.0.1 at 2015-03-13 13:12:11 -0300
Served asset /jquery.js - 304 Not Modified (12ms)


Started GET "/assets/application.js?body=1" for 127.0.0.1 at 2015-03-13 13:12:11 -0300
Served asset /application.js - 304 Not Modified (17ms)


Started GET "/assets/jquery_ujs.js?body=1" for 127.0.0.1 at 2015-03-13 13:12:11 -0300
Served asset /jquery_ujs.js - 304 Not Modified (0ms)


Started GET "/movies?utf8=%E2%9C%93&sort=release_date&ratings%5BG%5D=yes&ratings%5BPG%5D=yes&ratings%5BPG-13%5D=yes&ratings%5BR%5D=yes&commit=Refresh" for 127.0.0.1 at 2015-03-13 13:20:10 -0300
Connecting to database specified by database.yml
Processing by MoviesController#index as HTML
  Parameters: {"utf8"=>"✓", "sort"=>"release_date", "ratings"=>{"G"=>"yes", "PG"=>"yes", "PG-13"=>"yes", "R"=>"yes"}, "commit"=>"Refresh"}
  [1m[36mMovie Load (23.6ms)[0m  [1mSELECT "movies".* FROM "movies" WHERE "movies"."rating" IN ('G', 'PG', 'PG-13', 'R') ORDER BY release_date[0m
  Rendered movies/index.html.haml within layouts/application (211.1ms)
Completed 200 OK in 837.6ms (Views: 521.8ms | ActiveRecord: 61.9ms)


Started GET "/assets/application.css?body=1" for 127.0.0.1 at 2015-03-13 13:20:14 -0300
Served asset /application.css - 304 Not Modified (2ms)


Started GET "/assets/jquery.js?body=1" for 127.0.0.1 at 2015-03-13 13:20:14 -0300
Served asset /jquery.js - 304 Not Modified (69ms)


Started GET "/assets/jquery_ujs.js?body=1" for 127.0.0.1 at 2015-03-13 13:20:14 -0300
Served asset /jquery_ujs.js - 304 Not Modified (10ms)


Started GET "/assets/application.js?body=1" for 127.0.0.1 at 2015-03-13 13:20:14 -0300
Served asset /application.js - 304 Not Modified (149ms)


Started GET "/movies?commit=Refresh&ratings%5BG%5D=yes&ratings%5BPG%5D=yes&ratings%5BPG-13%5D=yes&ratings%5BR%5D=yes&sort=title&utf8=%E2%9C%93" for 127.0.0.1 at 2015-03-13 13:20:20 -0300
Processing by MoviesController#index as HTML
  Parameters: {"commit"=>"Refresh", "ratings"=>{"G"=>"yes", "PG"=>"yes", "PG-13"=>"yes", "R"=>"yes"}, "sort"=>"title", "utf8"=>"✓"}
  [1m[35mMovie Load (0.6ms)[0m  SELECT "movies".* FROM "movies" WHERE "movies"."rating" IN ('G', 'PG', 'PG-13', 'R') ORDER BY title
  Rendered movies/index.html.haml within layouts/application (33.7ms)
Completed 200 OK in 61.8ms (Views: 60.6ms | ActiveRecord: 0.6ms)


Started GET "/assets/application.css?body=1" for 127.0.0.1 at 2015-03-13 13:20:20 -0300
Served asset /application.css - 304 Not Modified (0ms)


Started GET "/assets/jquery.js?body=1" for 127.0.0.1 at 2015-03-13 13:20:20 -0300
Served asset /jquery.js - 304 Not Modified (19ms)


Started GET "/assets/jquery_ujs.js?body=1" for 127.0.0.1 at 2015-03-13 13:20:20 -0300
Served asset /jquery_ujs.js - 304 Not Modified (0ms)


Started GET "/assets/application.js?body=1" for 127.0.0.1 at 2015-03-13 13:20:20 -0300
Served asset /application.js - 304 Not Modified (28ms)
